2023-06-19 15:51:47,697 - INFO - Inicio de carrera: Mon Jun 19 15:51:47 2023
2023-06-19 15:51:47,699 - INFO - inicio de carrera: Mon Jun 19 15:51:47 2023
2023-06-19 15:51:59,241 - INFO - <built-in method format of str object at 0x000001F4C3D73CB0>
2023-06-19 15:54:32,341 - INFO - Inicio de carrera: Mon Jun 19 15:54:32 2023
2023-06-19 15:54:32,341 - INFO - inicio de carrera: Mon Jun 19 15:54:32 2023
2023-06-19 15:54:38,931 - INFO - <built-in method format of str object at 0x000001E280243CB0>
2023-06-19 15:55:57,413 - INFO - <built-in method format of str object at 0x000001E280243CB0>
2023-06-19 15:58:55,169 - INFO - <built-in method format of str object at 0x000001E280243CB0>
2023-06-19 16:03:09,871 - INFO - <built-in method format of str object at 0x000001E280243CB0>
2023-06-20 09:16:51,091 - INFO - <built-in method format of str object at 0x000001E280243CB0>
2023-06-20 09:16:58,737 - INFO - <built-in method format of str object at 0x000001E280243CB0>
2023-06-20 13:36:45,358 - INFO - Inicio de carrera: Tue Jun 20 13:36:45 2023
2023-06-20 13:36:45,359 - INFO - inicio de carrera: Tue Jun 20 13:36:45 2023
2023-06-20 13:37:08,963 - INFO - <built-in method format of str object at 0x000001D501F0BB50>
2023-06-20 13:37:14,890 - INFO - <built-in method format of str object at 0x000001D501F0BB50>
2023-06-21 09:22:23,284 - INFO - Inicio de carrera: Wed Jun 21 09:22:23 2023
2023-06-21 09:22:23,284 - INFO - inicio de carrera: Wed Jun 21 09:22:23 2023
2023-06-21 09:22:28,349 - INFO - <built-in method format of str object at 0x000002D458BEC5B0>
DEBUG:asyncio:Using selector: KqueueSelector
INFO:root:Iniciar programa
DEBUG:asyncio:Using selector: KqueueSelector
INFO:root:Iniciar programa
INFO:root:
Restablecer tarifa?
INFO:root:Tarifas actualizadas: stop tarifa: 0.06, move tarifa: 0.3
INFO:root:programa finalizada
DEBUG:asyncio:Using selector: KqueueSelector
INFO:root:Iniciar programa
INFO:root:
Restablecer tarifa?
INFO:root:Tarifas actualizadas: stop tarifa: 0.05, move tarifa: 0.6
INFO:root:programa finalizada
DEBUG:asyncio:Using selector: KqueueSelector
INFO:root:Iniciar programa
INFO:root:programa finalizada
DEBUG:asyncio:Using selector: KqueueSelector
INFO:root:Iniciar programa
DEBUG:asyncio:Using selector: KqueueSelector
INFO:root:Iniciar programa
DEBUG:asyncio:Using selector: KqueueSelector
INFO:root:Iniciar programa
INFO:root:
Restablecer tarifa?
INFO:root:Tarifas actualizadas: stop tarifa: 0.07, move tarifa: 0.1
INFO:root:programa finalizada
DEBUG:asyncio:Using selector: KqueueSelector
INFO:root:Iniciar programa
DEBUG:asyncio:Using selector: KqueueSelector
INFO:root:Iniciar programa
INFO:root:
Restablecer tarifa?
INFO:root:Tarifas actualizadas: stop tarifa: 0.03, move tarifa: 0.09
INFO:root:programa finalizada
DEBUG:asyncio:Using selector: KqueueSelector
INFO:root:Iniciar programa
DEBUG:asyncio:Using selector: KqueueSelector
INFO:root:Iniciar programa
INFO:root:
Restablecer tarifa?
INFO:root:Tarifas actualizadas: stop tarifa: 0.6, move tarifa: 1.1
INFO:root:programa finalizada
DEBUG:asyncio:Using selector: KqueueSelector
INFO:root:Iniciar programa
INFO:root:nuevo viaje
INFO:root:programa finalizada
DEBUG:asyncio:Using selector: KqueueSelector
INFO:root:Iniciar programa
INFO:root:nuevo viaje
INFO:root:programa finalizada
DEBUG:asyncio:Using selector: KqueueSelector
INFO:root:Iniciar programa
INFO:root:nuevo viaje
INFO:root:programa finalizada
DEBUG:asyncio:Using selector: KqueueSelector
INFO:root:Iniciar programa
INFO:root:nuevo viaje
INFO:root:nuevo viaje
INFO:root:
Restablecer tarifa?
INFO:root:Tarifas actualizadas: stop tarifa: 0.3, move tarifa: 0.8
INFO:root:programa finalizada
