INFO:root:Iniciar programa
INFO:root:Iniciar programa
INFO:root:Iniciar programa
INFO:root:nuevo viaje
INFO:root:
Tarifa total: 0.06 Euros
INFO:root:nuevo viaje
INFO:root:Iniciar programa
INFO:root:nuevo viaje
INFO:root:Iniciar programa
INFO:root:nuevo viaje
INFO:root:Iniciar programa
INFO:root:nuevo viaje
INFO:root:Iniciar programa
INFO:root:nuevo viaje
INFO:root:Iniciar programa
INFO:root:nuevo viaje
INFO:root:Iniciar programa
INFO:root:nuevo viaje
INFO:root:Iniciar programa
INFO:root:nuevo viaje
INFO:root:Iniciar programa
INFO:root:nuevo viaje
INFO:root:Iniciar programa
INFO:root:nuevo viaje
INFO:root:Iniciar programa
INFO:root:nuevo viaje
INFO:root:Iniciar programa
INFO:root:nuevo viaje
INFO:root:Iniciar programa
INFO:root:nuevo viaje
INFO:root:Iniciar programa
INFO:root:nuevo viaje
INFO:root:Iniciar programa
INFO:root:nuevo viaje
INFO:root:Iniciar programa
INFO:root:nuevo viaje
INFO:root:Iniciar programa
INFO:root:nuevo viaje
INFO:root:Iniciar programa
INFO:root:nuevo viaje
INFO:root:
Tarifa total: 0.01 Euros
INFO:root:nuevo viaje
INFO:root:
Tarifa total: 0.07 Euros
INFO:root:nuevo viaje
INFO:root:
Tarifa total: 0.06 Euros
INFO:root:Iniciar programa
INFO:root:nuevo viaje
INFO:root:
Tarifa total: 0.07 Euros
INFO:root:nuevo viaje
INFO:root:
Tarifa total: 0.24 Euros
INFO:root:Iniciar programa
INFO:root:nuevo viaje
INFO:root:
Tarifa total: 0.06 Euros
INFO:root:nuevo viaje
INFO:root:
Tarifa total: 0.04 Euros
INFO:root:Iniciar programa
INFO:root:nuevo viaje
INFO:root:
Tarifa total: 0.06 Euros
INFO:root:Iniciar programa
INFO:root:nuevo viaje
INFO:root:
Tarifa total: 0.14 Euros
INFO:root:Iniciar programa
INFO:root:nuevo viaje
INFO:root:
Tarifa total: 0.05 Euros
INFO:root:nuevo viaje
INFO:root:
Tarifa total: 0.03 Euros
INFO:root:Iniciar programa
INFO:root:nuevo viaje
INFO:root:
Tarifa total: 0.02 Euros
INFO:root:nuevo viaje
INFO:root:Iniciar programa
INFO:root:Iniciar programa
INFO:root:nuevo viaje
INFO:root:
Tarifa total: 0.04 Euros
INFO:root:programa finalizador
INFO:root:Iniciar programa
INFO:root:nuevo viaje
INFO:root:
Tarifa total: 0.31 Euros
INFO:root:Iniciar programa
INFO:root:nuevo viaje
INFO:root:
Restablecer tarifa?
INFO:root:Iniciar programa
INFO:root:nuevo viaje
INFO:root:
Tarifa total: 0.23 Euros
INFO:root:Iniciar programa
INFO:root:nuevo viaje
INFO:root:
Tarifa total: 0.25 Euros
INFO:root:Iniciar programa
INFO:root:nuevo viaje
INFO:root:
Tarifa total: 0.27 Euros
INFO:root:nuevo viaje
INFO:root:
Tarifa total: 1.12 Euros
INFO:root:nuevo viaje
INFO:root:
Tarifa total: 1.31 Euros
INFO:root:nuevo viaje
INFO:root:
Tarifa total: 6.33 Euros
INFO:root:Iniciar programa
INFO:root:Iniciar programa
INFO:root:Iniciar programa
INFO:root:nuevo viaje
INFO:root:Iniciar programa
INFO:root:Iniciar programa
INFO:root:Iniciar programa
INFO:root:Iniciar programa
INFO:root:Iniciar programa
INFO:root:Iniciar programa
INFO:root:Iniciar programa
INFO:root:Iniciar programa
INFO:root:Iniciar programa
INFO:root:nuevo viaje
INFO:root:
Tarifa total: 0.02 Euros
INFO:root:programa finalizador
INFO:root:Iniciar programa
INFO:root:Iniciar programa
INFO:root:nuevo viaje
INFO:root:
Tarifa total: 0.03 Euros
INFO:root:programa finalizador
INFO:root:Iniciar programa
INFO:root:nuevo viaje
INFO:root:
Restablecer tarifa?
INFO:root:Iniciar programa
INFO:root:Iniciar programa
INFO:root:Iniciar programa
INFO:root:Iniciar programa
INFO:root:Iniciar programa
INFO:root:nuevo viaje
INFO:root:Iniciar programa
INFO:root:Iniciar programa
INFO:root:Iniciar programa
INFO:root:nuevo viaje
INFO:root:
Tarifa total: 0.05 Euros
INFO:root:Iniciar programa
INFO:root:nuevo viaje
INFO:root:
Tarifa total: 0.28 Euros
INFO:root:nuevo viaje
INFO:root:
Restablecer tarifa?
INFO:root:Tarifas actualizadas: stop tarifa: 0.3, move tarifa: 0.8
INFO:root:
Tarifa total: 20.68 Euros
INFO:root:Iniciar programa
INFO:root:nuevo viaje
INFO:root:
Restablecer tarifa?
INFO:root:Tarifas actualizadas: stop tarifa: 0.4, move tarifa: 0.09
INFO:root:
Tarifa total: 5.20 Euros
INFO:root:nuevo viaje
INFO:root:
Tarifa total: 0.30 Euros
INFO:root:nuevo viaje
INFO:root:
Tarifa total: 3.76 Euros
INFO:root:nuevo viaje
INFO:root:
Restablecer tarifa?
INFO:root:Tarifas actualizadas: stop tarifa: 0.1, move tarifa: 0.3
INFO:root:
Tarifa total: 3.49 Euros
INFO:root:nuevo viaje
INFO:root:
Restablecer tarifa?
INFO:root:Tarifas actualizadas: stop tarifa: 0.2, move tarifa: 0.6
INFO:root:
Tarifa total: 12.39 Euros
INFO:root:Iniciar programa
INFO:root:nuevo viaje
INFO:root:
Tarifa total: 0.21 Euros
INFO:root:nuevo viaje
INFO:root:
Tarifa total: 0.17 Euros
INFO:root:nuevo viaje
INFO:root:Iniciar programa
